2015-05-11 21:42:04,352 - DEBUG: connect database : host 127.0.0.1 ;  port 3306 ; user root ; passwd #bigguy ; db icare
2015-05-11 21:42:04,392 - DEBUG: _addContent : dict_keys(['type', 'cushion_mac']) ; dict_values(['r1v1', 'TEST001C'])
2015-05-11 21:42:04,392 - DEBUG: Executing : insert into cushion (type,cushion_mac) values ('r1v1' , 'TEST001C');
2015-05-11 21:42:04,395 - DEBUG: _addContent : dict_keys(['type', 'routerco_mac']) ; dict_values(['r1v1', 'TEST001R'])
2015-05-11 21:42:04,395 - DEBUG: Executing : insert into router (type,routerco_mac) values ('r1v1' , 'TEST001R');
2015-05-11 21:42:04,417 - DEBUG: _addContent : dict_keys(['name', 'mobile', 'gender', 'contacts_name1', 'contacts_tel1', 'id_card_num']) ; dict_values(['XiaoHe', '13033331234', 'male', 'XiaoWang', '13033333214', '150214xxxxxxx'])
2015-05-11 21:42:04,417 - DEBUG: Executing : insert into protege (name,mobile,gender,contacts_name1,contacts_tel1,id_card_num) values ('XiaoHe' , '13033331234' , 'male' , 'XiaoWang' , '13033333214' , '150214xxxxxxx');
2015-05-11 21:42:04,424 - DEBUG: _getId : dict_keys(['cushion_mac']) ; dict_values(['TEST001C'])
2015-05-11 21:42:04,424 - DEBUG: select id from cushion WHERE   cushion_mac = 'TEST001C';
2015-05-11 21:42:04,424 - DEBUG: Executing : select id from cushion WHERE   cushion_mac = 'TEST001C';
2015-05-11 21:42:04,426 - DEBUG: _getId : dict_keys(['routerco_mac']) ; dict_values(['TEST001R'])
2015-05-11 21:42:04,427 - DEBUG: select id from router WHERE   routerco_mac = 'TEST001R';
2015-05-11 21:42:04,427 - DEBUG: Executing : select id from router WHERE   routerco_mac = 'TEST001R';
2015-05-11 21:42:04,427 - DEBUG: _getId : dict_keys(['id_card_num']) ; dict_values(['150214xxxxxxx'])
2015-05-11 21:42:04,428 - DEBUG: select id from protege WHERE   id_card_num = '150214xxxxxxx';
2015-05-11 21:42:04,428 - DEBUG: Executing : select id from protege WHERE   id_card_num = '150214xxxxxxx';
2015-05-11 21:42:04,430 - DEBUG: _addContent : dict_keys(['router_id', 'cushion_id', 'protege_id']) ; dict_values([12, 13, 13])
2015-05-11 21:42:04,430 - DEBUG: Executing : insert into location (router_id,cushion_id,protege_id) values (12 , 13 , 13);
2015-05-11 21:42:04,434 - DEBUG: _getId : dict_keys(['router_id', 'cushion_id', 'protege_id']) ; dict_values([12, 13, 13])
2015-05-11 21:42:04,434 - DEBUG: select id from location WHERE   router_id = 12  and  cushion_id = 13  and  protege_id = 13;
2015-05-11 21:42:04,434 - DEBUG: Executing : select id from location WHERE   router_id = 12  and  cushion_id = 13  and  protege_id = 13;
2015-05-11 21:42:04,434 - DEBUG: _addContent : dict_keys(['type']) ; dict_values(['r1v1'])
2015-05-11 21:42:04,434 - DEBUG: Executing : insert into signal_type (type) values ('r1v1');
2015-05-11 21:42:04,437 - DEBUG: _getId : dict_keys(['type']) ; dict_values(['r1v1'])
2015-05-11 21:42:04,437 - DEBUG: select id from signal_type WHERE   type = 'r1v1';
2015-05-11 21:42:04,437 - DEBUG: Executing : select id from signal_type WHERE   type = 'r1v1';
2015-05-11 21:42:04,437 - DEBUG: _addContent : monitor_data ; dict_keys(['location_id', 'signal_id', 'rec_time']) ;dict_values([(11, 11), (11, 11), ('2009-12-02 12:14', '2009-12-05 12:14')])
2015-05-11 21:42:04,437 - DEBUG: Executing many : insert into monitor_data (location_id,signal_id,rec_time) values (%s%s%s);
2015-05-11 21:42:04,438 - DEBUG: dict_values([(11, 11), (11, 11), ('2009-12-02 12:14', '2009-12-05 12:14')])
2015-05-11 21:42:04,441 - DEBUG: connect database : host 127.0.0.1 ;  port 3306 ; user root ; passwd #bigguy ; db icare
2015-05-11 21:42:04,467 - DEBUG: Executing : show tables;
2015-05-11 21:42:04,469 - DEBUG: connect database : host 127.0.0.1 ;  port 3306 ; user root ; passwd #bigguy ; db icare
2015-05-11 21:43:18,644 - DEBUG: connect database : host 127.0.0.1 ;  port 3306 ; user root ; passwd #bigguy ; db icare
2015-05-11 21:43:18,716 - DEBUG: _addContent : dict_keys(['type', 'cushion_mac']) ; dict_values(['r1v1', 'TEST001C'])
2015-05-11 21:43:18,716 - DEBUG: Executing : insert into cushion (type,cushion_mac) values ('r1v1' , 'TEST001C');
2015-05-11 21:43:18,737 - DEBUG: _addContent : dict_keys(['type', 'routerco_mac']) ; dict_values(['r1v1', 'TEST001R'])
2015-05-11 21:43:18,739 - DEBUG: Executing : insert into router (type,routerco_mac) values ('r1v1' , 'TEST001R');
2015-05-11 21:43:18,743 - DEBUG: _addContent : dict_keys(['name', 'mobile', 'gender', 'contacts_name1', 'contacts_tel1', 'id_card_num']) ; dict_values(['XiaoHe', '13033331234', 'male', 'XiaoWang', '13033333214', '150214xxxxxxx'])
2015-05-11 21:43:18,743 - DEBUG: Executing : insert into protege (name,mobile,gender,contacts_name1,contacts_tel1,id_card_num) values ('XiaoHe' , '13033331234' , 'male' , 'XiaoWang' , '13033333214' , '150214xxxxxxx');
2015-05-11 21:43:18,747 - DEBUG: _getId : dict_keys(['cushion_mac']) ; dict_values(['TEST001C'])
2015-05-11 21:43:18,747 - DEBUG: select id from cushion WHERE   cushion_mac = 'TEST001C';
2015-05-11 21:43:18,749 - DEBUG: Executing : select id from cushion WHERE   cushion_mac = 'TEST001C';
2015-05-11 21:43:18,750 - DEBUG: _getId : dict_keys(['routerco_mac']) ; dict_values(['TEST001R'])
2015-05-11 21:43:18,750 - DEBUG: select id from router WHERE   routerco_mac = 'TEST001R';
2015-05-11 21:43:18,750 - DEBUG: Executing : select id from router WHERE   routerco_mac = 'TEST001R';
2015-05-11 21:43:18,752 - DEBUG: _getId : dict_keys(['id_card_num']) ; dict_values(['150214xxxxxxx'])
2015-05-11 21:43:18,752 - DEBUG: select id from protege WHERE   id_card_num = '150214xxxxxxx';
2015-05-11 21:43:18,753 - DEBUG: Executing : select id from protege WHERE   id_card_num = '150214xxxxxxx';
2015-05-11 21:43:18,753 - DEBUG: _addContent : dict_keys(['router_id', 'cushion_id', 'protege_id']) ; dict_values([13, 14, 14])
2015-05-11 21:43:18,753 - DEBUG: Executing : insert into location (router_id,cushion_id,protege_id) values (13 , 14 , 14);
2015-05-11 21:43:18,756 - DEBUG: _getId : dict_keys(['router_id', 'cushion_id', 'protege_id']) ; dict_values([13, 14, 14])
2015-05-11 21:43:18,756 - DEBUG: select id from location WHERE   router_id = 13  and  cushion_id = 14  and  protege_id = 14;
2015-05-11 21:43:18,756 - DEBUG: Executing : select id from location WHERE   router_id = 13  and  cushion_id = 14  and  protege_id = 14;
2015-05-11 21:43:18,759 - DEBUG: _addContent : dict_keys(['type']) ; dict_values(['r1v1'])
2015-05-11 21:43:18,759 - DEBUG: Executing : insert into signal_type (type) values ('r1v1');
2015-05-11 21:43:18,763 - DEBUG: _getId : dict_keys(['type']) ; dict_values(['r1v1'])
2015-05-11 21:43:18,763 - DEBUG: select id from signal_type WHERE   type = 'r1v1';
2015-05-11 21:43:18,763 - DEBUG: Executing : select id from signal_type WHERE   type = 'r1v1';
2015-05-11 21:43:18,765 - DEBUG: _addContent : monitor_data ; dict_keys(['location_id', 'signal_id', 'rec_time']) ;dict_values([(12, 12), (12, 12), ('2009-12-02 12:14', '2009-12-05 12:14')])
2015-05-11 21:43:18,765 - DEBUG: Executing many : insert into monitor_data (location_id,signal_id,rec_time) values (%s,%s,%s);
2015-05-11 21:43:18,766 - DEBUG: dict_values([(12, 12), (12, 12), ('2009-12-02 12:14', '2009-12-05 12:14')])
2015-05-11 21:43:18,772 - DEBUG: connect database : host 127.0.0.1 ;  port 3306 ; user root ; passwd #bigguy ; db icare
2015-05-11 21:43:18,776 - DEBUG: Executing : show tables;
2015-05-11 21:43:18,776 - DEBUG: connect database : host 127.0.0.1 ;  port 3306 ; user root ; passwd #bigguy ; db icare
2015-05-11 21:51:43,901 - DEBUG: connect database : host 127.0.0.1 ;  port 3306 ; user root ; passwd #bigguy ; db icare
2015-05-11 21:51:43,915 - DEBUG: _addContent : dict_keys(['type', 'cushion_mac']) ; dict_values(['r1v1', 'TEST001C'])
2015-05-11 21:51:43,915 - DEBUG: Executing : insert into cushion (type,cushion_mac) values ('r1v1' , 'TEST001C');
2015-05-11 21:51:43,933 - DEBUG: _addContent : dict_keys(['type', 'routerco_mac']) ; dict_values(['r1v1', 'TEST001R'])
2015-05-11 21:51:43,934 - DEBUG: Executing : insert into router (type,routerco_mac) values ('r1v1' , 'TEST001R');
2015-05-11 21:51:43,936 - DEBUG: _addContent : dict_keys(['name', 'mobile', 'gender', 'contacts_name1', 'contacts_tel1', 'id_card_num']) ; dict_values(['XiaoHe', '13033331234', 'male', 'XiaoWang', '13033333214', '150214xxxxxxx'])
2015-05-11 21:51:43,936 - DEBUG: Executing : insert into protege (name,mobile,gender,contacts_name1,contacts_tel1,id_card_num) values ('XiaoHe' , '13033331234' , 'male' , 'XiaoWang' , '13033333214' , '150214xxxxxxx');
2015-05-11 21:51:43,944 - DEBUG: _getId : dict_keys(['cushion_mac']) ; dict_values(['TEST001C'])
2015-05-11 21:51:43,944 - DEBUG: select id from cushion WHERE   cushion_mac = 'TEST001C';
2015-05-11 21:51:43,946 - DEBUG: Executing : select id from cushion WHERE   cushion_mac = 'TEST001C';
2015-05-11 21:51:43,947 - DEBUG: _getId : dict_keys(['routerco_mac']) ; dict_values(['TEST001R'])
2015-05-11 21:51:43,947 - DEBUG: select id from router WHERE   routerco_mac = 'TEST001R';
2015-05-11 21:51:43,947 - DEBUG: Executing : select id from router WHERE   routerco_mac = 'TEST001R';
2015-05-11 21:51:43,948 - DEBUG: _getId : dict_keys(['id_card_num']) ; dict_values(['150214xxxxxxx'])
2015-05-11 21:51:43,948 - DEBUG: select id from protege WHERE   id_card_num = '150214xxxxxxx';
2015-05-11 21:51:43,950 - DEBUG: Executing : select id from protege WHERE   id_card_num = '150214xxxxxxx';
2015-05-11 21:51:43,950 - DEBUG: _addContent : dict_keys(['router_id', 'cushion_id', 'protege_id']) ; dict_values([14, 15, 15])
2015-05-11 21:51:43,950 - DEBUG: Executing : insert into location (router_id,cushion_id,protege_id) values (14 , 15 , 15);
2015-05-11 21:51:43,954 - DEBUG: _getId : dict_keys(['router_id', 'cushion_id', 'protege_id']) ; dict_values([14, 15, 15])
2015-05-11 21:51:43,956 - DEBUG: select id from location WHERE   router_id = 14  and  cushion_id = 15  and  protege_id = 15;
2015-05-11 21:51:43,956 - DEBUG: Executing : select id from location WHERE   router_id = 14  and  cushion_id = 15  and  protege_id = 15;
2015-05-11 21:51:43,957 - DEBUG: _addContent : dict_keys(['type']) ; dict_values(['r1v1'])
2015-05-11 21:51:43,957 - DEBUG: Executing : insert into signal_type (type) values ('r1v1');
2015-05-11 21:51:43,961 - DEBUG: _getId : dict_keys(['type']) ; dict_values(['r1v1'])
2015-05-11 21:51:43,961 - DEBUG: select id from signal_type WHERE   type = 'r1v1';
2015-05-11 21:51:43,961 - DEBUG: Executing : select id from signal_type WHERE   type = 'r1v1';
2015-05-11 21:51:43,963 - DEBUG: _addContent : monitor_data ; ('signal_id', 'location_id', 'rec_time') ;((13, 13, '2009-12-02 12:14'), (13, 13, '2009-12-05 12:14'))
2015-05-11 21:51:43,963 - DEBUG: Executing many : insert into monitor_data (signal_id,location_id,rec_time) values (%s,%s,%s);
2015-05-11 21:51:43,963 - DEBUG: ((13, 13, '2009-12-02 12:14'), (13, 13, '2009-12-05 12:14'))
2015-05-11 21:51:43,989 - DEBUG: _getId : dict_keys(['location_id', 'signal_id']) ; dict_values([13, 13])
2015-05-11 21:51:43,990 - DEBUG: select id from monitor_data WHERE   location_id = 13  and  signal_id = 13;
2015-05-11 21:51:43,990 - DEBUG: Executing : select id from monitor_data WHERE   location_id = 13  and  signal_id = 13;
2015-05-11 21:51:43,990 - DEBUG: select rec_time from monitor_data WHERE id = 4;
2015-05-11 21:51:43,990 - DEBUG: Executing : select rec_time from monitor_data WHERE id = 4;
2015-05-11 21:51:43,992 - DEBUG: Executing : delete from router WHERE id = 14;
2015-05-11 21:51:43,999 - DEBUG: Executing : delete from cushion WHERE id = 15;
2015-05-11 21:51:44,003 - DEBUG: Executing : delete from protege WHERE id = 15;
2015-05-11 21:51:44,005 - DEBUG: Executing : delete from signal_type WHERE id = 13;
2015-05-11 21:51:44,007 - DEBUG: connect database : host 127.0.0.1 ;  port 3306 ; user root ; passwd #bigguy ; db icare
2015-05-11 21:51:44,042 - DEBUG: Executing : show tables;
2015-05-11 21:51:44,042 - DEBUG: connect database : host 127.0.0.1 ;  port 3306 ; user root ; passwd #bigguy ; db icare
2015-05-11 21:52:31,594 - DEBUG: connect database : host 127.0.0.1 ;  port 3306 ; user root ; passwd #bigguy ; db icare
2015-05-11 21:52:31,612 - DEBUG: _addContent : dict_keys(['type', 'cushion_mac']) ; dict_values(['r1v1', 'TEST001C'])
2015-05-11 21:52:31,612 - DEBUG: Executing : insert into cushion (type,cushion_mac) values ('r1v1' , 'TEST001C');
2015-05-11 21:52:31,615 - DEBUG: _addContent : dict_keys(['type', 'routerco_mac']) ; dict_values(['r1v1', 'TEST001R'])
2015-05-11 21:52:31,615 - DEBUG: Executing : insert into router (type,routerco_mac) values ('r1v1' , 'TEST001R');
2015-05-11 21:52:31,617 - DEBUG: _addContent : dict_keys(['name', 'mobile', 'gender', 'contacts_name1', 'contacts_tel1', 'id_card_num']) ; dict_values(['XiaoHe', '13033331234', 'male', 'XiaoWang', '13033333214', '150214xxxxxxx'])
2015-05-11 21:52:31,617 - DEBUG: Executing : insert into protege (name,mobile,gender,contacts_name1,contacts_tel1,id_card_num) values ('XiaoHe' , '13033331234' , 'male' , 'XiaoWang' , '13033333214' , '150214xxxxxxx');
2015-05-11 21:52:31,618 - DEBUG: _getId : dict_keys(['cushion_mac']) ; dict_values(['TEST001C'])
2015-05-11 21:52:31,618 - DEBUG: select id from cushion WHERE   cushion_mac = 'TEST001C';
2015-05-11 21:52:31,618 - DEBUG: Executing : select id from cushion WHERE   cushion_mac = 'TEST001C';
2015-05-11 21:52:31,618 - DEBUG: _getId : dict_keys(['routerco_mac']) ; dict_values(['TEST001R'])
2015-05-11 21:52:31,618 - DEBUG: select id from router WHERE   routerco_mac = 'TEST001R';
2015-05-11 21:52:31,618 - DEBUG: Executing : select id from router WHERE   routerco_mac = 'TEST001R';
2015-05-11 21:52:31,619 - DEBUG: _getId : dict_keys(['id_card_num']) ; dict_values(['150214xxxxxxx'])
2015-05-11 21:52:31,619 - DEBUG: select id from protege WHERE   id_card_num = '150214xxxxxxx';
2015-05-11 21:52:31,619 - DEBUG: Executing : select id from protege WHERE   id_card_num = '150214xxxxxxx';
2015-05-11 21:52:31,619 - DEBUG: _addContent : dict_keys(['router_id', 'cushion_id', 'protege_id']) ; dict_values([15, 16, 16])
2015-05-11 21:52:31,619 - DEBUG: Executing : insert into location (router_id,cushion_id,protege_id) values (15 , 16 , 16);
2015-05-11 21:52:31,621 - DEBUG: _getId : dict_keys(['router_id', 'cushion_id', 'protege_id']) ; dict_values([15, 16, 16])
2015-05-11 21:52:31,621 - DEBUG: select id from location WHERE   router_id = 15  and  cushion_id = 16  and  protege_id = 16;
2015-05-11 21:52:31,621 - DEBUG: Executing : select id from location WHERE   router_id = 15  and  cushion_id = 16  and  protege_id = 16;
2015-05-11 21:52:31,621 - DEBUG: _addContent : dict_keys(['type']) ; dict_values(['r1v1'])
2015-05-11 21:52:31,621 - DEBUG: Executing : insert into signal_type (type) values ('r1v1');
2015-05-11 21:52:31,625 - DEBUG: _getId : dict_keys(['type']) ; dict_values(['r1v1'])
2015-05-11 21:52:31,625 - DEBUG: select id from signal_type WHERE   type = 'r1v1';
2015-05-11 21:52:31,625 - DEBUG: Executing : select id from signal_type WHERE   type = 'r1v1';
2015-05-11 21:52:31,625 - DEBUG: _addContent : monitor_data ; ('signal_id', 'location_id', 'rec_time') ;((14, 14, '2009-12-02 12:14'), (14, 14, '2009-12-05 12:14'))
2015-05-11 21:52:31,625 - DEBUG: Executing many : insert into monitor_data (signal_id,location_id,rec_time) values (%s,%s,%s);
2015-05-11 21:52:31,625 - DEBUG: ((14, 14, '2009-12-02 12:14'), (14, 14, '2009-12-05 12:14'))
2015-05-11 21:52:31,627 - DEBUG: _getId : dict_keys(['location_id', 'signal_id']) ; dict_values([14, 14])
2015-05-11 21:52:31,627 - DEBUG: select id from monitor_data WHERE   location_id = 14  and  signal_id = 14;
2015-05-11 21:52:31,627 - DEBUG: Executing : select id from monitor_data WHERE   location_id = 14  and  signal_id = 14;
2015-05-11 21:52:31,627 - DEBUG: _getId : dict_keys(['location_id', 'signal_id']) ; dict_values([14, 14])
2015-05-11 21:52:31,627 - DEBUG: select id from monitor_data WHERE   location_id = 14  and  signal_id = 14;
2015-05-11 21:52:31,627 - DEBUG: Executing : select id from monitor_data WHERE   location_id = 14  and  signal_id = 14;
2015-05-11 21:52:31,628 - DEBUG: select rec_time from monitor_data WHERE id = 6;
2015-05-11 21:52:31,628 - DEBUG: Executing : select rec_time from monitor_data WHERE id = 6;
2015-05-11 21:52:31,628 - DEBUG: Executing : delete from router WHERE id = 15;
2015-05-11 21:52:31,654 - DEBUG: Executing : delete from cushion WHERE id = 16;
2015-05-11 21:52:31,657 - DEBUG: Executing : delete from protege WHERE id = 16;
2015-05-11 21:52:31,658 - DEBUG: Executing : delete from signal_type WHERE id = 14;
2015-05-11 21:52:31,661 - DEBUG: connect database : host 127.0.0.1 ;  port 3306 ; user root ; passwd #bigguy ; db icare
2015-05-11 21:52:31,690 - DEBUG: Executing : show tables;
2015-05-11 21:52:31,691 - DEBUG: connect database : host 127.0.0.1 ;  port 3306 ; user root ; passwd #bigguy ; db icare
2015-05-11 21:53:40,270 - DEBUG: connect database : host 127.0.0.1 ;  port 3306 ; user root ; passwd #bigguy ; db icare
2015-05-11 21:53:40,349 - DEBUG: _addContent : dict_keys(['type', 'cushion_mac']) ; dict_values(['r1v1', 'TEST001C'])
2015-05-11 21:53:40,349 - DEBUG: Executing : insert into cushion (type,cushion_mac) values ('r1v1' , 'TEST001C');
2015-05-11 21:53:40,354 - DEBUG: _addContent : dict_keys(['type', 'routerco_mac']) ; dict_values(['r1v1', 'TEST001R'])
2015-05-11 21:53:40,354 - DEBUG: Executing : insert into router (type,routerco_mac) values ('r1v1' , 'TEST001R');
2015-05-11 21:53:40,359 - DEBUG: _addContent : dict_keys(['name', 'mobile', 'gender', 'contacts_name1', 'contacts_tel1', 'id_card_num']) ; dict_values(['XiaoHe', '13033331234', 'male', 'XiaoWang', '13033333214', '150214xxxxxxx'])
2015-05-11 21:53:40,359 - DEBUG: Executing : insert into protege (name,mobile,gender,contacts_name1,contacts_tel1,id_card_num) values ('XiaoHe' , '13033331234' , 'male' , 'XiaoWang' , '13033333214' , '150214xxxxxxx');
2015-05-11 21:53:40,364 - DEBUG: _getId : dict_keys(['cushion_mac']) ; dict_values(['TEST001C'])
2015-05-11 21:53:40,364 - DEBUG: select id from cushion WHERE   cushion_mac = 'TEST001C';
2015-05-11 21:53:40,365 - DEBUG: Executing : select id from cushion WHERE   cushion_mac = 'TEST001C';
2015-05-11 21:53:40,365 - DEBUG: _getId : dict_keys(['routerco_mac']) ; dict_values(['TEST001R'])
2015-05-11 21:53:40,367 - DEBUG: select id from router WHERE   routerco_mac = 'TEST001R';
2015-05-11 21:53:40,367 - DEBUG: Executing : select id from router WHERE   routerco_mac = 'TEST001R';
2015-05-11 21:53:40,368 - DEBUG: _getId : dict_keys(['id_card_num']) ; dict_values(['150214xxxxxxx'])
2015-05-11 21:53:40,368 - DEBUG: select id from protege WHERE   id_card_num = '150214xxxxxxx';
2015-05-11 21:53:40,368 - DEBUG: Executing : select id from protege WHERE   id_card_num = '150214xxxxxxx';
2015-05-11 21:53:40,369 - DEBUG: _addContent : dict_keys(['router_id', 'cushion_id', 'protege_id']) ; dict_values([16, 17, 17])
2015-05-11 21:53:40,369 - DEBUG: Executing : insert into location (router_id,cushion_id,protege_id) values (16 , 17 , 17);
2015-05-11 21:53:40,372 - DEBUG: _getId : dict_keys(['router_id', 'cushion_id', 'protege_id']) ; dict_values([16, 17, 17])
2015-05-11 21:53:40,372 - DEBUG: select id from location WHERE   router_id = 16  and  cushion_id = 17  and  protege_id = 17;
2015-05-11 21:53:40,374 - DEBUG: Executing : select id from location WHERE   router_id = 16  and  cushion_id = 17  and  protege_id = 17;
2015-05-11 21:53:40,375 - DEBUG: _addContent : dict_keys(['type']) ; dict_values(['r1v1'])
2015-05-11 21:53:40,375 - DEBUG: Executing : insert into signal_type (type) values ('r1v1');
2015-05-11 21:53:40,378 - DEBUG: _getId : dict_keys(['type']) ; dict_values(['r1v1'])
2015-05-11 21:53:40,378 - DEBUG: select id from signal_type WHERE   type = 'r1v1';
2015-05-11 21:53:40,378 - DEBUG: Executing : select id from signal_type WHERE   type = 'r1v1';
2015-05-11 21:53:40,380 - DEBUG: _addContent : monitor_data ; ('signal_id', 'location_id', 'rec_time') ;((15, 15, '2009-12-02 12:14'), (15, 15, '2009-12-05 12:14'))
2015-05-11 21:53:40,380 - DEBUG: Executing many : insert into monitor_data (signal_id,location_id,rec_time) values (%s,%s,%s);
2015-05-11 21:53:40,381 - DEBUG: ((15, 15, '2009-12-02 12:14'), (15, 15, '2009-12-05 12:14'))
2015-05-11 21:53:40,382 - DEBUG: _getId : dict_keys(['location_id', 'signal_id']) ; dict_values([15, 15])
2015-05-11 21:53:40,382 - DEBUG: select id from monitor_data WHERE   location_id = 15  and  signal_id = 15;
2015-05-11 21:53:40,384 - DEBUG: Executing : select id from monitor_data WHERE   location_id = 15  and  signal_id = 15;
2015-05-11 21:53:40,385 - DEBUG: connect database : host 127.0.0.1 ;  port 3306 ; user root ; passwd #bigguy ; db icare
2015-05-11 21:53:40,391 - DEBUG: Executing : show tables;
2015-05-11 21:53:40,394 - DEBUG: connect database : host 127.0.0.1 ;  port 3306 ; user root ; passwd #bigguy ; db icare
2015-05-11 21:56:02,634 - DEBUG: connect database : host 127.0.0.1 ;  port 3306 ; user root ; passwd #bigguy ; db icare
2015-05-11 21:56:02,648 - DEBUG: _addContent : dict_keys(['type', 'cushion_mac']) ; dict_values(['r1v1', 'TEST001C'])
2015-05-11 21:56:02,648 - DEBUG: Executing : insert into cushion (type,cushion_mac) values ('r1v1' , 'TEST001C');
2015-05-11 21:56:02,693 - DEBUG: _addContent : dict_keys(['type', 'routerco_mac']) ; dict_values(['r1v1', 'TEST001R'])
2015-05-11 21:56:02,693 - DEBUG: Executing : insert into router (type,routerco_mac) values ('r1v1' , 'TEST001R');
2015-05-11 21:56:02,696 - DEBUG: _addContent : dict_keys(['name', 'mobile', 'gender', 'contacts_name1', 'contacts_tel1', 'id_card_num']) ; dict_values(['XiaoHe', '13033331234', 'male', 'XiaoWang', '13033333214', '150214xxxxxxx'])
2015-05-11 21:56:02,697 - DEBUG: Executing : insert into protege (name,mobile,gender,contacts_name1,contacts_tel1,id_card_num) values ('XiaoHe' , '13033331234' , 'male' , 'XiaoWang' , '13033333214' , '150214xxxxxxx');
2015-05-11 21:56:02,698 - DEBUG: _getId : dict_keys(['cushion_mac']) ; dict_values(['TEST001C'])
2015-05-11 21:56:02,700 - DEBUG: select id from cushion WHERE   cushion_mac = 'TEST001C';
2015-05-11 21:56:02,700 - DEBUG: Executing : select id from cushion WHERE   cushion_mac = 'TEST001C';
2015-05-11 21:56:02,701 - DEBUG: _getId : dict_keys(['routerco_mac']) ; dict_values(['TEST001R'])
2015-05-11 21:56:02,701 - DEBUG: select id from router WHERE   routerco_mac = 'TEST001R';
2015-05-11 21:56:02,701 - DEBUG: Executing : select id from router WHERE   routerco_mac = 'TEST001R';
2015-05-11 21:56:02,703 - DEBUG: _getId : dict_keys(['id_card_num']) ; dict_values(['150214xxxxxxx'])
2015-05-11 21:56:02,703 - DEBUG: select id from protege WHERE   id_card_num = '150214xxxxxxx';
2015-05-11 21:56:02,703 - DEBUG: Executing : select id from protege WHERE   id_card_num = '150214xxxxxxx';
2015-05-11 21:56:02,704 - DEBUG: _addContent : dict_keys(['router_id', 'cushion_id', 'protege_id']) ; dict_values([17, 18, 18])
2015-05-11 21:56:02,706 - DEBUG: Executing : insert into location (router_id,cushion_id,protege_id) values (17 , 18 , 18);
2015-05-11 21:56:02,726 - DEBUG: _getId : dict_keys(['router_id', 'cushion_id', 'protege_id']) ; dict_values([17, 18, 18])
2015-05-11 21:56:02,726 - DEBUG: select id from location WHERE   router_id = 17  and  cushion_id = 18  and  protege_id = 18;
2015-05-11 21:56:02,726 - DEBUG: Executing : select id from location WHERE   router_id = 17  and  cushion_id = 18  and  protege_id = 18;
2015-05-11 21:56:02,727 - DEBUG: _addContent : dict_keys(['type']) ; dict_values(['r1v1'])
2015-05-11 21:56:02,727 - DEBUG: Executing : insert into signal_type (type) values ('r1v1');
2015-05-11 21:56:02,737 - DEBUG: _getId : dict_keys(['type']) ; dict_values(['r1v1'])
2015-05-11 21:56:02,737 - DEBUG: select id from signal_type WHERE   type = 'r1v1';
2015-05-11 21:56:02,739 - DEBUG: Executing : select id from signal_type WHERE   type = 'r1v1';
2015-05-11 21:56:02,740 - DEBUG: _addContent : monitor_data ; ('signal_id', 'location_id', 'rec_time') ;((16, 16, '2009-12-02 12:14'), (16, 16, '2009-12-05 12:14'))
2015-05-11 21:56:02,740 - DEBUG: Executing many : insert into monitor_data (signal_id,location_id,rec_time) values (%s,%s,%s);
2015-05-11 21:56:02,740 - DEBUG: ((16, 16, '2009-12-02 12:14'), (16, 16, '2009-12-05 12:14'))
2015-05-11 21:56:02,752 - DEBUG: _getId : dict_keys(['location_id', 'signal_id']) ; dict_values([16, 16])
2015-05-11 21:56:02,753 - DEBUG: select id from monitor_data WHERE   location_id = 16  and  signal_id = 16;
2015-05-11 21:56:02,753 - DEBUG: Executing : select id from monitor_data WHERE   location_id = 16  and  signal_id = 16;
2015-05-11 21:56:02,755 - DEBUG: connect database : host 127.0.0.1 ;  port 3306 ; user root ; passwd #bigguy ; db icare
2015-05-11 21:56:02,786 - DEBUG: Executing : show tables;
2015-05-11 21:56:02,786 - DEBUG: connect database : host 127.0.0.1 ;  port 3306 ; user root ; passwd #bigguy ; db icare
2015-05-11 21:56:51,579 - DEBUG: connect database : host 127.0.0.1 ;  port 3306 ; user root ; passwd #bigguy ; db icare
2015-05-11 21:56:51,618 - DEBUG: _addContent : dict_keys(['type', 'cushion_mac']) ; dict_values(['r1v1', 'TEST001C'])
2015-05-11 21:56:51,618 - DEBUG: Executing : insert into cushion (type,cushion_mac) values ('r1v1' , 'TEST001C');
2015-05-11 21:56:51,619 - DEBUG: _addContent : dict_keys(['type', 'routerco_mac']) ; dict_values(['r1v1', 'TEST001R'])
2015-05-11 21:56:51,619 - DEBUG: Executing : insert into router (type,routerco_mac) values ('r1v1' , 'TEST001R');
2015-05-11 21:56:51,637 - DEBUG: _addContent : dict_keys(['name', 'mobile', 'gender', 'contacts_name1', 'contacts_tel1', 'id_card_num']) ; dict_values(['XiaoHe', '13033331234', 'male', 'XiaoWang', '13033333214', '150214xxxxxxx'])
2015-05-11 21:56:51,638 - DEBUG: Executing : insert into protege (name,mobile,gender,contacts_name1,contacts_tel1,id_card_num) values ('XiaoHe' , '13033331234' , 'male' , 'XiaoWang' , '13033333214' , '150214xxxxxxx');
2015-05-11 21:56:51,645 - DEBUG: _getId : dict_keys(['cushion_mac']) ; dict_values(['TEST001C'])
2015-05-11 21:56:51,645 - DEBUG: select id from cushion WHERE   cushion_mac = 'TEST001C';
2015-05-11 21:56:51,645 - DEBUG: Executing : select id from cushion WHERE   cushion_mac = 'TEST001C';
2015-05-11 21:56:51,648 - DEBUG: _getId : dict_keys(['routerco_mac']) ; dict_values(['TEST001R'])
2015-05-11 21:56:51,648 - DEBUG: select id from router WHERE   routerco_mac = 'TEST001R';
2015-05-11 21:56:51,648 - DEBUG: Executing : select id from router WHERE   routerco_mac = 'TEST001R';
2015-05-11 21:56:51,650 - DEBUG: _getId : dict_keys(['id_card_num']) ; dict_values(['150214xxxxxxx'])
2015-05-11 21:56:51,651 - DEBUG: select id from protege WHERE   id_card_num = '150214xxxxxxx';
2015-05-11 21:56:51,651 - DEBUG: Executing : select id from protege WHERE   id_card_num = '150214xxxxxxx';
2015-05-11 21:56:51,651 - DEBUG: _addContent : dict_keys(['router_id', 'cushion_id', 'protege_id']) ; dict_values([18, 19, 19])
2015-05-11 21:56:51,653 - DEBUG: Executing : insert into location (router_id,cushion_id,protege_id) values (18 , 19 , 19);
2015-05-11 21:56:51,654 - DEBUG: _getId : dict_keys(['router_id', 'cushion_id', 'protege_id']) ; dict_values([18, 19, 19])
2015-05-11 21:56:51,655 - DEBUG: select id from location WHERE   router_id = 18  and  cushion_id = 19  and  protege_id = 19;
2015-05-11 21:56:51,655 - DEBUG: Executing : select id from location WHERE   router_id = 18  and  cushion_id = 19  and  protege_id = 19;
2015-05-11 21:56:51,657 - DEBUG: _addContent : dict_keys(['type']) ; dict_values(['r1v1'])
2015-05-11 21:56:51,657 - DEBUG: Executing : insert into signal_type (type) values ('r1v1');
2015-05-11 21:56:51,658 - DEBUG: _getId : dict_keys(['type']) ; dict_values(['r1v1'])
2015-05-11 21:56:51,658 - DEBUG: select id from signal_type WHERE   type = 'r1v1';
2015-05-11 21:56:51,658 - DEBUG: Executing : select id from signal_type WHERE   type = 'r1v1';
2015-05-11 21:56:51,658 - DEBUG: _addContent : monitor_data ; ('signal_id', 'location_id', 'rec_time') ;((17, 17, '2009-12-02 12:14'), (17, 17, '2009-12-05 12:14'))
2015-05-11 21:56:51,658 - DEBUG: Executing many : insert into monitor_data (signal_id,location_id,rec_time) values (%s,%s,%s);
2015-05-11 21:56:51,658 - DEBUG: ((17, 17, '2009-12-02 12:14'), (17, 17, '2009-12-05 12:14'))
2015-05-11 21:56:51,663 - DEBUG: _getId : dict_keys(['location_id', 'signal_id']) ; dict_values([17, 17])
2015-05-11 21:56:51,663 - DEBUG: select id from monitor_data WHERE   location_id = 17  and  signal_id = 17;
2015-05-11 21:56:51,663 - DEBUG: Executing : select id from monitor_data WHERE   location_id = 17  and  signal_id = 17;
2015-05-11 21:56:51,664 - DEBUG: Executing : delete from router WHERE id = 18;
2015-05-11 21:56:51,664 - DEBUG: Executing : delete from cushion WHERE id = 19;
2015-05-11 21:56:51,667 - DEBUG: Executing : delete from protege WHERE id = 19;
2015-05-11 21:56:51,671 - DEBUG: Executing : delete from signal_type WHERE id = 17;
2015-05-11 21:56:51,674 - DEBUG: connect database : host 127.0.0.1 ;  port 3306 ; user root ; passwd #bigguy ; db icare
2015-05-11 21:56:51,676 - DEBUG: _addContent : dict_keys(['name', 'mobile', 'gender', 'contacts_name1', 'contacts_tel1', 'id_card_num']) ; dict_values(['XiaoHe', '13033331234', 'male', 'XiaoWang', '13033333214', '150214xxxxxxx'])
2015-05-11 21:56:51,676 - DEBUG: Executing : insert into protege (name,mobile,gender,contacts_name1,contacts_tel1,id_card_num) values ('XiaoHe' , '13033331234' , 'male' , 'XiaoWang' , '13033333214' , '150214xxxxxxx');
2015-05-11 21:56:51,677 - DEBUG: _addContent : dict_keys(['staff_id', 'password', 'name', 'id_card_num']) ; dict_values(['212328000', 'helloWorld', 'Xiaoming', '150204xxxxxxx'])
2015-05-11 21:56:51,677 - DEBUG: Executing : insert into staff (staff_id,password,name,id_card_num) values ('212328000' , 'helloWorld' , 'Xiaoming' , '150204xxxxxxx');
2015-05-11 21:56:51,678 - DEBUG: _getId : dict_keys(['id_card_num']) ; dict_values(['150214xxxxxxx'])
2015-05-11 21:56:51,678 - DEBUG: select id from protege WHERE   id_card_num = '150214xxxxxxx';
2015-05-11 21:56:51,678 - DEBUG: Executing : select id from protege WHERE   id_card_num = '150214xxxxxxx';
2015-05-11 21:56:51,680 - DEBUG: _getId : dict_keys(['id_card_num']) ; dict_values(['150204xxxxxxx'])
2015-05-11 21:56:51,680 - DEBUG: select id from staff WHERE   id_card_num = '150204xxxxxxx';
2015-05-11 21:56:51,680 - DEBUG: Executing : select id from staff WHERE   id_card_num = '150204xxxxxxx';
2015-05-11 21:56:51,680 - DEBUG: _addContent : dict_keys(['staff_id', 'protege_id', 'rate']) ; dict_values([5, 20, 3])
2015-05-11 21:56:51,680 - DEBUG: Executing : insert into comment (staff_id,protege_id,rate) values (5 , 20 , 3);
2015-05-11 21:56:51,683 - DEBUG: _getId : dict_keys(['staff_id', 'protege_id']) ; dict_values([5, 20])
2015-05-11 21:56:51,683 - DEBUG: select id from comment WHERE   staff_id = 5  and  protege_id = 20;
2015-05-11 21:56:51,683 - DEBUG: Executing : select id from comment WHERE   staff_id = 5  and  protege_id = 20;
2015-05-11 21:56:51,683 - DEBUG: Executing : delete from comment WHERE id = 2;
2015-05-11 21:56:51,684 - DEBUG: Executing : delete from protege WHERE id = 20;
2015-05-11 21:56:51,687 - DEBUG: Executing : delete from staff WHERE id = 5;
2015-05-11 21:56:51,690 - DEBUG: connect database : host 127.0.0.1 ;  port 3306 ; user root ; passwd #bigguy ; db icare
2015-05-11 21:56:51,691 - DEBUG: _addContent : dict_keys(['type', 'cushion_mac']) ; dict_values(['r1v1', 'TEST001'])
2015-05-11 21:56:51,691 - DEBUG: Executing : insert into cushion (type,cushion_mac) values ('r1v1' , 'TEST001');
2015-05-11 21:56:51,694 - DEBUG: _getId : dict_keys(['cushion_mac']) ; dict_values(['TEST001'])
2015-05-11 21:56:51,694 - DEBUG: select id from cushion WHERE   cushion_mac = 'TEST001';
2015-05-11 21:56:51,694 - DEBUG: Executing : select id from cushion WHERE   cushion_mac = 'TEST001';
2015-05-11 21:56:51,694 - DEBUG: Executing : update cushion set type = 'r1v2' WHERE id = 20;
2015-05-11 21:56:51,697 - DEBUG: select type from cushion WHERE id = 20;
2015-05-11 21:56:51,697 - DEBUG: Executing : select type from cushion WHERE id = 20;
2015-05-11 21:56:51,697 - DEBUG: Executing : delete from cushion WHERE id = 20;
2015-05-11 21:56:51,700 - DEBUG: _getId : dict_keys(['cushion_mac']) ; dict_values(['TEST001'])
2015-05-11 21:56:51,700 - DEBUG: select id from cushion WHERE   cushion_mac = 'TEST001';
2015-05-11 21:56:51,700 - DEBUG: Executing : select id from cushion WHERE   cushion_mac = 'TEST001';
2015-05-11 21:56:51,700 - DEBUG: connect database : host 127.0.0.1 ;  port 3306 ; user root ; passwd #bigguy ; db icare
2015-05-11 21:56:51,703 - DEBUG: Executing : show tables;
2015-05-11 21:56:51,703 - DEBUG: connect database : host 127.0.0.1 ;  port 3306 ; user root ; passwd #bigguy ; db icare
2015-05-11 21:56:51,706 - DEBUG: connect database : host 127.0.0.1 ;  port 3306 ; user root ; passwd #bigguy ; db icare
2015-05-11 21:56:51,717 - DEBUG: _addContent : dict_keys(['type', 'cushion_mac']) ; dict_values(['r1v1', 'TEST001C'])
2015-05-11 21:56:51,717 - DEBUG: Executing : insert into cushion (type,cushion_mac) values ('r1v1' , 'TEST001C');
2015-05-11 21:56:51,719 - DEBUG: _addContent : dict_keys(['type', 'routerco_mac']) ; dict_values(['r1v1', 'TEST001R'])
2015-05-11 21:56:51,719 - DEBUG: Executing : insert into router (type,routerco_mac) values ('r1v1' , 'TEST001R');
2015-05-11 21:56:51,721 - DEBUG: _addContent : dict_keys(['name', 'mobile', 'gender', 'contacts_name1', 'contacts_tel1', 'id_card_num']) ; dict_values(['XiaoHe', '13033331234', 'male', 'XiaoWang', '13033333214', '150214xxxxxxx'])
2015-05-11 21:56:51,723 - DEBUG: Executing : insert into protege (name,mobile,gender,contacts_name1,contacts_tel1,id_card_num) values ('XiaoHe' , '13033331234' , 'male' , 'XiaoWang' , '13033333214' , '150214xxxxxxx');
2015-05-11 21:56:51,724 - DEBUG: _getId : dict_keys(['cushion_mac']) ; dict_values(['TEST001C'])
2015-05-11 21:56:51,724 - DEBUG: select id from cushion WHERE   cushion_mac = 'TEST001C';
2015-05-11 21:56:51,724 - DEBUG: Executing : select id from cushion WHERE   cushion_mac = 'TEST001C';
2015-05-11 21:56:51,724 - DEBUG: _getId : dict_keys(['routerco_mac']) ; dict_values(['TEST001R'])
2015-05-11 21:56:51,724 - DEBUG: select id from router WHERE   routerco_mac = 'TEST001R';
2015-05-11 21:56:51,726 - DEBUG: Executing : select id from router WHERE   routerco_mac = 'TEST001R';
2015-05-11 21:56:51,726 - DEBUG: _getId : dict_keys(['id_card_num']) ; dict_values(['150214xxxxxxx'])
2015-05-11 21:56:51,726 - DEBUG: select id from protege WHERE   id_card_num = '150214xxxxxxx';
2015-05-11 21:56:51,726 - DEBUG: Executing : select id from protege WHERE   id_card_num = '150214xxxxxxx';
2015-05-11 21:56:51,726 - DEBUG: _addContent : dict_keys(['router_id', 'cushion_id', 'protege_id']) ; dict_values([19, 21, 21])
2015-05-11 21:56:51,726 - DEBUG: Executing : insert into location (router_id,cushion_id,protege_id) values (19 , 21 , 21);
2015-05-11 21:56:51,743 - DEBUG: _getId : dict_keys(['router_id', 'cushion_id', 'protege_id']) ; dict_values([19, 21, 21])
2015-05-11 21:56:51,743 - DEBUG: select id from location WHERE   router_id = 19  and  cushion_id = 21  and  protege_id = 21;
2015-05-11 21:56:51,744 - DEBUG: Executing : select id from location WHERE   router_id = 19  and  cushion_id = 21  and  protege_id = 21;
2015-05-11 21:56:51,744 - DEBUG: _addContent : dict_keys(['type']) ; dict_values(['r1v1'])
2015-05-11 21:56:51,744 - DEBUG: Executing : insert into signal_type (type) values ('r1v1');
2015-05-11 21:56:51,750 - DEBUG: _getId : dict_keys(['type']) ; dict_values(['r1v1'])
2015-05-11 21:56:51,750 - DEBUG: select id from signal_type WHERE   type = 'r1v1';
2015-05-11 21:56:51,752 - DEBUG: Executing : select id from signal_type WHERE   type = 'r1v1';
2015-05-11 21:56:51,752 - DEBUG: _addContent : dict_keys(['location_id', 'signal_id', 'rec_time']) ; dict_values([18, 18, '2009-12-02 12:14'])
2015-05-11 21:56:51,752 - DEBUG: Executing : insert into monitor_data (location_id,signal_id,rec_time) values (18 , 18 , '2009-12-02 12:14');
2015-05-11 21:56:51,755 - DEBUG: _getId : dict_keys(['location_id', 'signal_id']) ; dict_values([18, 18])
2015-05-11 21:56:51,755 - DEBUG: select id from monitor_data WHERE   location_id = 18  and  signal_id = 18;
2015-05-11 21:56:51,755 - DEBUG: Executing : select id from monitor_data WHERE   location_id = 18  and  signal_id = 18;
2015-05-11 21:56:51,755 - DEBUG: Executing : delete from router WHERE id = 19;
2015-05-11 21:56:51,756 - DEBUG: Executing : delete from cushion WHERE id = 21;
2015-05-11 21:56:51,759 - DEBUG: Executing : delete from protege WHERE id = 21;
2015-05-11 21:56:51,759 - DEBUG: Executing : delete from signal_type WHERE id = 18;
2015-05-11 21:56:51,762 - DEBUG: connect database : host 127.0.0.1 ;  port 3306 ; user root ; passwd #bigguy ; db icare
2015-05-11 21:56:51,765 - DEBUG: _addContent : dict_keys(['type', 'cushion_mac']) ; dict_values(['r1v1', 'TEST001C'])
2015-05-11 21:56:51,765 - DEBUG: Executing : insert into cushion (type,cushion_mac) values ('r1v1' , 'TEST001C');
2015-05-11 21:56:51,766 - DEBUG: _addContent : dict_keys(['type', 'routerco_mac']) ; dict_values(['r1v1', 'TEST001R'])
2015-05-11 21:56:51,766 - DEBUG: Executing : insert into router (type,routerco_mac) values ('r1v1' , 'TEST001R');
2015-05-11 21:56:51,775 - DEBUG: _addContent : dict_keys(['name', 'mobile', 'gender', 'contacts_name1', 'contacts_tel1', 'id_card_num']) ; dict_values(['XiaoHe', '13033331234', 'male', 'XiaoWang', '13033333214', '150214xxxxxxx'])
2015-05-11 21:56:51,775 - DEBUG: Executing : insert into protege (name,mobile,gender,contacts_name1,contacts_tel1,id_card_num) values ('XiaoHe' , '13033331234' , 'male' , 'XiaoWang' , '13033333214' , '150214xxxxxxx');
2015-05-11 21:56:51,776 - DEBUG: _getId : dict_keys(['cushion_mac']) ; dict_values(['TEST001C'])
2015-05-11 21:56:51,776 - DEBUG: select id from cushion WHERE   cushion_mac = 'TEST001C';
2015-05-11 21:56:51,776 - DEBUG: Executing : select id from cushion WHERE   cushion_mac = 'TEST001C';
2015-05-11 21:56:51,778 - DEBUG: _getId : dict_keys(['routerco_mac']) ; dict_values(['TEST001R'])
2015-05-11 21:56:51,778 - DEBUG: select id from router WHERE   routerco_mac = 'TEST001R';
2015-05-11 21:56:51,778 - DEBUG: Executing : select id from router WHERE   routerco_mac = 'TEST001R';
2015-05-11 21:56:51,778 - DEBUG: _getId : dict_keys(['id_card_num']) ; dict_values(['150214xxxxxxx'])
2015-05-11 21:56:51,778 - DEBUG: select id from protege WHERE   id_card_num = '150214xxxxxxx';
2015-05-11 21:56:51,778 - DEBUG: Executing : select id from protege WHERE   id_card_num = '150214xxxxxxx';
2015-05-11 21:56:51,779 - DEBUG: _addContent : dict_keys(['router_id', 'cushion_id', 'protege_id']) ; dict_values([20, 22, 22])
2015-05-11 21:56:51,779 - DEBUG: Executing : insert into location (router_id,cushion_id,protege_id) values (20 , 22 , 22);
2015-05-11 21:56:51,780 - DEBUG: _getId : dict_keys(['router_id', 'cushion_id', 'protege_id']) ; dict_values([20, 22, 22])
2015-05-11 21:56:51,780 - DEBUG: select id from location WHERE   router_id = 20  and  cushion_id = 22  and  protege_id = 22;
2015-05-11 21:56:51,780 - DEBUG: Executing : select id from location WHERE   router_id = 20  and  cushion_id = 22  and  protege_id = 22;
2015-05-11 21:56:51,782 - DEBUG: Executing : delete from router WHERE id = 20;
2015-05-11 21:56:51,783 - DEBUG: Executing : delete from cushion WHERE id = 22;
2015-05-11 21:56:51,786 - DEBUG: Executing : delete from protege WHERE id = 22;
2015-05-11 21:56:51,786 - DEBUG: connect database : host 127.0.0.1 ;  port 3306 ; user root ; passwd #bigguy ; db icare
2015-05-11 21:56:51,789 - DEBUG: _addContent : dict_keys(['type', 'cushion_mac']) ; dict_values(['r1v1', 'TEST001C'])
2015-05-11 21:56:51,789 - DEBUG: Executing : insert into cushion (type,cushion_mac) values ('r1v1' , 'TEST001C');
2015-05-11 21:56:51,790 - DEBUG: _addContent : dict_keys(['type', 'routerco_mac']) ; dict_values(['r1v1', 'TEST001R'])
2015-05-11 21:56:51,790 - DEBUG: Executing : insert into router (type,routerco_mac) values ('r1v1' , 'TEST001R');
2015-05-11 21:56:51,792 - DEBUG: _addContent : dict_keys(['name', 'mobile', 'gender', 'contacts_name1', 'contacts_tel1', 'id_card_num']) ; dict_values(['XiaoHe', '13033331234', 'male', 'XiaoWang', '13033333214', '150214xxxxxxx'])
2015-05-11 21:56:51,792 - DEBUG: Executing : insert into protege (name,mobile,gender,contacts_name1,contacts_tel1,id_card_num) values ('XiaoHe' , '13033331234' , 'male' , 'XiaoWang' , '13033333214' , '150214xxxxxxx');
2015-05-11 21:56:51,793 - DEBUG: _getId : dict_keys(['cushion_mac']) ; dict_values(['TEST001C'])
2015-05-11 21:56:51,793 - DEBUG: select id from cushion WHERE   cushion_mac = 'TEST001C';
2015-05-11 21:56:51,793 - DEBUG: Executing : select id from cushion WHERE   cushion_mac = 'TEST001C';
2015-05-11 21:56:51,795 - DEBUG: _getId : dict_keys(['routerco_mac']) ; dict_values(['TEST001R'])
2015-05-11 21:56:51,795 - DEBUG: select id from router WHERE   routerco_mac = 'TEST001R';
2015-05-11 21:56:51,795 - DEBUG: Executing : select id from router WHERE   routerco_mac = 'TEST001R';
2015-05-11 21:56:51,795 - DEBUG: _getId : dict_keys(['id_card_num']) ; dict_values(['150214xxxxxxx'])
2015-05-11 21:56:51,795 - DEBUG: select id from protege WHERE   id_card_num = '150214xxxxxxx';
2015-05-11 21:56:51,795 - DEBUG: Executing : select id from protege WHERE   id_card_num = '150214xxxxxxx';
2015-05-11 21:56:51,796 - DEBUG: _addContent : dict_keys(['router_id', 'cushion_id', 'protege_id']) ; dict_values([21, 23, 23])
2015-05-11 21:56:51,796 - DEBUG: Executing : insert into location (router_id,cushion_id,protege_id) values (21 , 23 , 23);
2015-05-11 21:56:51,801 - DEBUG: _getId : dict_keys(['router_id', 'cushion_id', 'protege_id']) ; dict_values([21, 23, 23])
2015-05-11 21:56:51,802 - DEBUG: select id from location WHERE   router_id = 21  and  cushion_id = 23  and  protege_id = 23;
2015-05-11 21:56:51,802 - DEBUG: Executing : select id from location WHERE   router_id = 21  and  cushion_id = 23  and  protege_id = 23;
2015-05-11 21:56:51,802 - DEBUG: _addContent : dict_keys(['type']) ; dict_values(['r1v1'])
2015-05-11 21:56:51,802 - DEBUG: Executing : insert into signal_type (type) values ('r1v1');
2015-05-11 21:56:51,805 - DEBUG: _getId : dict_keys(['type']) ; dict_values(['r1v1'])
2015-05-11 21:56:51,805 - DEBUG: select id from signal_type WHERE   type = 'r1v1';
2015-05-11 21:56:51,805 - DEBUG: Executing : select id from signal_type WHERE   type = 'r1v1';
2015-05-11 21:56:51,805 - DEBUG: _addContent : dict_keys(['location_id', 'signal_id']) ; dict_values([20, 19])
2015-05-11 21:56:51,805 - DEBUG: Executing : insert into monitor_data (location_id,signal_id) values (20 , 19);
2015-05-11 21:56:51,806 - DEBUG: _getId : dict_keys(['location_id', 'signal_id']) ; dict_values([20, 19])
2015-05-11 21:56:51,808 - DEBUG: select id from monitor_data WHERE   location_id = 20  and  signal_id = 19;
2015-05-11 21:56:51,808 - DEBUG: Executing : select id from monitor_data WHERE   location_id = 20  and  signal_id = 19;
2015-05-11 21:56:51,808 - DEBUG: Executing : delete from router WHERE id = 21;
2015-05-11 21:56:51,809 - DEBUG: Executing : delete from cushion WHERE id = 23;
2015-05-11 21:56:51,811 - DEBUG: Executing : delete from protege WHERE id = 23;
2015-05-11 21:56:51,813 - DEBUG: Executing : delete from signal_type WHERE id = 19;
2015-05-11 21:56:51,815 - DEBUG: connect database : host 127.0.0.1 ;  port 3306 ; user root ; passwd #bigguy ; db icare
2015-05-11 21:56:51,818 - DEBUG: _addContent : dict_keys(['name', 'mobile', 'gender', 'contacts_name1', 'contacts_tel1', 'id_card_num']) ; dict_values(['XiaoHe', '13033331234', 'male', 'XiaoWang', '13033333214', '150214xxxxxxx'])
2015-05-11 21:56:51,818 - DEBUG: Executing : insert into protege (name,mobile,gender,contacts_name1,contacts_tel1,id_card_num) values ('XiaoHe' , '13033331234' , 'male' , 'XiaoWang' , '13033333214' , '150214xxxxxxx');
2015-05-11 21:56:51,819 - DEBUG: _getId : dict_keys(['name']) ; dict_values(['XiaoHe'])
2015-05-11 21:56:51,819 - DEBUG: select id from protege WHERE   name = 'XiaoHe';
2015-05-11 21:56:51,819 - DEBUG: Executing : select id from protege WHERE   name = 'XiaoHe';
2015-05-11 21:56:51,819 - DEBUG: Executing : update protege set name = 'XiaoRan' WHERE id = 24;
2015-05-11 21:56:51,822 - DEBUG: select name from protege WHERE id = 24;
2015-05-11 21:56:51,823 - DEBUG: Executing : select name from protege WHERE id = 24;
2015-05-11 21:56:51,823 - DEBUG: Executing : delete from protege WHERE id = 24;
2015-05-11 21:56:51,825 - DEBUG: _getId : dict_keys(['name']) ; dict_values(['XiaoRan'])
2015-05-11 21:56:51,825 - DEBUG: select id from protege WHERE   name = 'XiaoRan';
2015-05-11 21:56:51,825 - DEBUG: Executing : select id from protege WHERE   name = 'XiaoRan';
2015-05-11 21:56:51,826 - DEBUG: connect database : host 127.0.0.1 ;  port 3306 ; user root ; passwd #bigguy ; db icare
2015-05-11 21:56:51,828 - DEBUG: _addContent : dict_keys(['type', 'routerco_mac']) ; dict_values(['r1v1', 'TEST001'])
2015-05-11 21:56:51,828 - DEBUG: Executing : insert into router (type,routerco_mac) values ('r1v1' , 'TEST001');
2015-05-11 21:56:51,829 - DEBUG: _getId : dict_keys(['routerco_mac']) ; dict_values(['TEST001'])
2015-05-11 21:56:51,831 - DEBUG: select id from router WHERE   routerco_mac = 'TEST001';
2015-05-11 21:56:51,831 - DEBUG: Executing : select id from router WHERE   routerco_mac = 'TEST001';
2015-05-11 21:56:51,831 - DEBUG: Executing : update router set type = 'r1v2' WHERE id = 22;
2015-05-11 21:56:51,832 - DEBUG: select type from router WHERE id = 22;
2015-05-11 21:56:51,834 - DEBUG: Executing : select type from router WHERE id = 22;
2015-05-11 21:56:51,834 - DEBUG: Executing : delete from router WHERE id = 22;
2015-05-11 21:56:51,835 - DEBUG: _getId : dict_keys(['routerco_mac']) ; dict_values(['TEST001'])
2015-05-11 21:56:51,835 - DEBUG: select id from router WHERE   routerco_mac = 'TEST001';
2015-05-11 21:56:51,835 - DEBUG: Executing : select id from router WHERE   routerco_mac = 'TEST001';
2015-05-11 21:56:51,836 - DEBUG: connect database : host 127.0.0.1 ;  port 3306 ; user root ; passwd #bigguy ; db icare
2015-05-11 21:56:51,854 - DEBUG: _addContent : dict_keys(['attribute', 'value']) ; dict_values(['r1v1', 'TEST001'])
2015-05-11 21:56:51,854 - DEBUG: Executing : insert into setting (attribute,value) values ('r1v1' , 'TEST001');
2015-05-11 21:56:51,855 - DEBUG: _getId : dict_keys(['attribute']) ; dict_values(['r1v1'])
2015-05-11 21:56:51,855 - DEBUG: select id from setting WHERE   attribute = 'r1v1';
2015-05-11 21:56:51,855 - DEBUG: Executing : select id from setting WHERE   attribute = 'r1v1';
2015-05-11 21:56:51,857 - DEBUG: Executing : update setting set attribute = 'r1v2' WHERE id = 2;
2015-05-11 21:56:51,858 - DEBUG: select attribute from setting WHERE id = 2;
2015-05-11 21:56:51,858 - DEBUG: Executing : select attribute from setting WHERE id = 2;
2015-05-11 21:56:51,858 - DEBUG: Executing : delete from setting WHERE id = 2;
2015-05-11 21:56:51,859 - DEBUG: _getId : dict_keys(['attribute']) ; dict_values(['TEST001'])
2015-05-11 21:56:51,861 - DEBUG: select id from setting WHERE   attribute = 'TEST001';
2015-05-11 21:56:51,861 - DEBUG: Executing : select id from setting WHERE   attribute = 'TEST001';
2015-05-11 21:56:51,861 - DEBUG: connect database : host 127.0.0.1 ;  port 3306 ; user root ; passwd #bigguy ; db icare
2015-05-11 21:56:51,862 - DEBUG: _addContent : dict_keys(['type']) ; dict_values(['r1v1'])
2015-05-11 21:56:51,862 - DEBUG: Executing : insert into signal_type (type) values ('r1v1');
2015-05-11 21:56:51,865 - DEBUG: _getId : dict_keys(['type']) ; dict_values(['r1v1'])
2015-05-11 21:56:51,865 - DEBUG: select id from signal_type WHERE   type = 'r1v1';
2015-05-11 21:56:51,865 - DEBUG: Executing : select id from signal_type WHERE   type = 'r1v1';
2015-05-11 21:56:51,865 - DEBUG: Executing : update signal_type set type = 'r1v2' WHERE id = 20;
2015-05-11 21:56:51,868 - DEBUG: select type from signal_type WHERE id = 20;
2015-05-11 21:56:51,868 - DEBUG: Executing : select type from signal_type WHERE id = 20;
2015-05-11 21:56:51,868 - DEBUG: Executing : delete from signal_type WHERE id = 20;
2015-05-11 21:56:51,869 - DEBUG: _getId : dict_keys(['type']) ; dict_values(['r1v2'])
2015-05-11 21:56:51,869 - DEBUG: select id from signal_type WHERE   type = 'r1v2';
2015-05-11 21:56:51,869 - DEBUG: Executing : select id from signal_type WHERE   type = 'r1v2';
2015-05-11 21:56:51,871 - DEBUG: connect database : host 127.0.0.1 ;  port 3306 ; user root ; passwd #bigguy ; db icare
2015-05-11 21:56:51,878 - DEBUG: _addContent : dict_keys(['staff_id', 'password', 'name', 'id_card_num']) ; dict_values(['212328000', 'helloWorld', 'Xiaoming', '150204xxxxxxx'])
2015-05-11 21:56:51,878 - DEBUG: Executing : insert into staff (staff_id,password,name,id_card_num) values ('212328000' , 'helloWorld' , 'Xiaoming' , '150204xxxxxxx');
2015-05-11 21:56:51,882 - DEBUG: _getId : dict_keys(['staff_id']) ; dict_values(['212328000'])
2015-05-11 21:56:51,882 - DEBUG: select id from staff WHERE   staff_id = '212328000';
2015-05-11 21:56:51,882 - DEBUG: Executing : select id from staff WHERE   staff_id = '212328000';
2015-05-11 21:56:51,884 - DEBUG: Executing : update staff set name = 'Xiaoming2' WHERE id = 6;
2015-05-11 21:56:51,885 - DEBUG: select name from staff WHERE id = 6;
2015-05-11 21:56:51,885 - DEBUG: Executing : select name from staff WHERE id = 6;
2015-05-11 21:56:51,887 - DEBUG: Executing : delete from staff WHERE id = 6;
2015-05-11 21:56:51,888 - DEBUG: _getId : dict_keys(['name']) ; dict_values(['Xiaoming2'])
2015-05-11 21:56:51,888 - DEBUG: select id from staff WHERE   name = 'Xiaoming2';
2015-05-11 21:56:51,888 - DEBUG: Executing : select id from staff WHERE   name = 'Xiaoming2';
2015-05-11 21:56:51,888 - DEBUG: connect database : host 127.0.0.1 ;  port 3306 ; user root ; passwd #bigguy ; db icare
2015-05-11 21:56:51,891 - DEBUG: _addContent : dict_keys(['staff_id', 'password', 'name', 'id_card_num']) ; dict_values(['212328000', 'helloWorld', 'Xiaoming', '150204xxxxxxx'])
2015-05-11 21:56:51,891 - DEBUG: Executing : insert into staff (staff_id,password,name,id_card_num) values ('212328000' , 'helloWorld' , 'Xiaoming' , '150204xxxxxxx');
2015-05-11 21:56:51,894 - DEBUG: _getId : dict_keys(['id_card_num']) ; dict_values(['150204xxxxxxx'])
2015-05-11 21:56:51,894 - DEBUG: select id from staff WHERE   id_card_num = '150204xxxxxxx';
2015-05-11 21:56:51,894 - DEBUG: Executing : select id from staff WHERE   id_card_num = '150204xxxxxxx';
2015-05-11 21:56:51,895 - DEBUG: _addContent : dict_keys(['staff_id']) ; dict_values([7])
2015-05-11 21:56:51,895 - DEBUG: Executing : insert into staff_online (staff_id) values (7);
2015-05-11 21:56:51,898 - DEBUG: _getId : dict_keys(['staff_id']) ; dict_values([7])
2015-05-11 21:56:51,898 - DEBUG: select id from staff_online WHERE   staff_id = 7;
2015-05-11 21:56:51,898 - DEBUG: Executing : select id from staff_online WHERE   staff_id = 7;
2015-05-11 21:56:51,898 - DEBUG: Executing : delete from staff WHERE id = 7;
2015-05-11 21:56:51,901 - DEBUG: connect database : host 127.0.0.1 ;  port 3306 ; user root ; passwd #bigguy ; db icare
2015-05-11 21:56:51,907 - DEBUG: _addContent : dict_keys(['type', 'cushion_mac']) ; dict_values(['r1v1', 'TEST001C'])
2015-05-11 21:56:51,907 - DEBUG: Executing : insert into cushion (type,cushion_mac) values ('r1v1' , 'TEST001C');
2015-05-11 21:56:51,910 - DEBUG: _addContent : dict_keys(['type', 'routerco_mac']) ; dict_values(['r1v1', 'TEST001R'])
2015-05-11 21:56:51,910 - DEBUG: Executing : insert into router (type,routerco_mac) values ('r1v1' , 'TEST001R');
2015-05-11 21:56:51,911 - DEBUG: _addContent : dict_keys(['name', 'mobile', 'gender', 'contacts_name1', 'contacts_tel1', 'id_card_num']) ; dict_values(['XiaoHe', '13033331234', 'male', 'XiaoWang', '13033333214', '150214xxxxxxx'])
2015-05-11 21:56:51,913 - DEBUG: Executing : insert into protege (name,mobile,gender,contacts_name1,contacts_tel1,id_card_num) values ('XiaoHe' , '13033331234' , 'male' , 'XiaoWang' , '13033333214' , '150214xxxxxxx');
2015-05-11 21:56:51,914 - DEBUG: _getId : dict_keys(['cushion_mac']) ; dict_values(['TEST001C'])
2015-05-11 21:56:51,914 - DEBUG: select id from cushion WHERE   cushion_mac = 'TEST001C';
2015-05-11 21:56:51,914 - DEBUG: Executing : select id from cushion WHERE   cushion_mac = 'TEST001C';
2015-05-11 21:56:51,917 - DEBUG: _getId : dict_keys(['routerco_mac']) ; dict_values(['TEST001R'])
2015-05-11 21:56:51,917 - DEBUG: select id from router WHERE   routerco_mac = 'TEST001R';
2015-05-11 21:56:51,917 - DEBUG: Executing : select id from router WHERE   routerco_mac = 'TEST001R';
2015-05-11 21:56:51,917 - DEBUG: _getId : dict_keys(['id_card_num']) ; dict_values(['150214xxxxxxx'])
2015-05-11 21:56:51,917 - DEBUG: select id from protege WHERE   id_card_num = '150214xxxxxxx';
2015-05-11 21:56:51,918 - DEBUG: Executing : select id from protege WHERE   id_card_num = '150214xxxxxxx';
2015-05-11 21:56:51,918 - DEBUG: _addContent : dict_keys(['router_id', 'cushion_id', 'protege_id']) ; dict_values([23, 24, 25])
2015-05-11 21:56:51,920 - DEBUG: Executing : insert into location (router_id,cushion_id,protege_id) values (23 , 24 , 25);
2015-05-11 21:56:51,921 - DEBUG: _getId : dict_keys(['router_id', 'cushion_id', 'protege_id']) ; dict_values([23, 24, 25])
2015-05-11 21:56:51,921 - DEBUG: select id from location WHERE   router_id = 23  and  cushion_id = 24  and  protege_id = 25;
2015-05-11 21:56:51,921 - DEBUG: Executing : select id from location WHERE   router_id = 23  and  cushion_id = 24  and  protege_id = 25;
2015-05-11 21:56:51,923 - DEBUG: _addContent : dict_keys(['type']) ; dict_values(['r1v1'])
2015-05-11 21:56:51,923 - DEBUG: Executing : insert into signal_type (type) values ('r1v1');
2015-05-11 21:56:51,924 - DEBUG: _getId : dict_keys(['type']) ; dict_values(['r1v1'])
2015-05-11 21:56:51,924 - DEBUG: select id from signal_type WHERE   type = 'r1v1';
2015-05-11 21:56:51,926 - DEBUG: Executing : select id from signal_type WHERE   type = 'r1v1';
2015-05-11 21:56:51,927 - DEBUG: _addContent : dict_keys(['location_id', 'signal_id']) ; dict_values([21, 21])
2015-05-11 21:56:51,927 - DEBUG: Executing : insert into monitor_data (location_id,signal_id) values (21 , 21);
2015-05-11 21:56:51,928 - DEBUG: _getId : dict_keys(['location_id', 'signal_id']) ; dict_values([21, 21])
2015-05-11 21:56:51,928 - DEBUG: select id from monitor_data WHERE   location_id = 21  and  signal_id = 21;
2015-05-11 21:56:51,928 - DEBUG: Executing : select id from monitor_data WHERE   location_id = 21  and  signal_id = 21;
2015-05-11 21:56:51,930 - DEBUG: _addContent : dict_keys(['type']) ; dict_values(['r1v1'])
2015-05-11 21:56:51,930 - DEBUG: Executing : insert into warning_type (type) values ('r1v1');
2015-05-11 21:56:51,934 - DEBUG: _getId : dict_keys(['type']) ; dict_values(['r1v1'])
2015-05-11 21:56:51,934 - DEBUG: select id from warning_type WHERE   type = 'r1v1';
2015-05-11 21:56:51,934 - DEBUG: Executing : select id from warning_type WHERE   type = 'r1v1';
2015-05-11 21:56:51,934 - DEBUG: _addContent : dict_keys(['staff_id', 'password', 'name', 'id_card_num']) ; dict_values(['212328000', 'helloWorld', 'Xiaoming', '150204xxxxxxx'])
2015-05-11 21:56:51,934 - DEBUG: Executing : insert into staff (staff_id,password,name,id_card_num) values ('212328000' , 'helloWorld' , 'Xiaoming' , '150204xxxxxxx');
2015-05-11 21:56:51,937 - DEBUG: _getId : dict_keys(['staff_id']) ; dict_values(['212328000'])
2015-05-11 21:56:51,937 - DEBUG: select id from staff WHERE   staff_id = '212328000';
2015-05-11 21:56:51,937 - DEBUG: Executing : select id from staff WHERE   staff_id = '212328000';
2015-05-11 21:56:51,937 - DEBUG: _addContent : dict_keys(['process_staff_id', 'warning_id', 'data_id']) ; dict_values([8, 2, 16])
2015-05-11 21:56:51,937 - DEBUG: Executing : insert into warning (process_staff_id,warning_id,data_id) values (8 , 2 , 16);
2015-05-11 21:56:51,967 - DEBUG: _getId : dict_keys(['process_staff_id', 'warning_id', 'data_id']) ; dict_values([8, 2, 16])
2015-05-11 21:56:51,967 - DEBUG: select id from warning WHERE   process_staff_id = 8  and  warning_id = 2  and  data_id = 16;
2015-05-11 21:56:51,967 - DEBUG: Executing : select id from warning WHERE   process_staff_id = 8  and  warning_id = 2  and  data_id = 16;
2015-05-11 21:56:51,969 - DEBUG: Executing : delete from staff WHERE id = 8;
2015-05-11 21:56:51,970 - DEBUG: Executing : delete from warning_type WHERE id = 2;
2015-05-11 21:56:51,973 - DEBUG: Executing : delete from router WHERE id = 23;
2015-05-11 21:56:51,974 - DEBUG: Executing : delete from cushion WHERE id = 24;
2015-05-11 21:56:51,977 - DEBUG: Executing : delete from protege WHERE id = 25;
2015-05-11 21:56:51,980 - DEBUG: Executing : delete from signal_type WHERE id = 21;
2015-05-11 21:56:51,983 - DEBUG: connect database : host 127.0.0.1 ;  port 3306 ; user root ; passwd #bigguy ; db icare
2015-05-11 21:56:51,986 - DEBUG: _addContent : dict_keys(['solution']) ; dict_values(['r1v1'])
2015-05-11 21:56:51,986 - DEBUG: Executing : insert into quick_solution (solution) values ('r1v1');
2015-05-11 21:56:51,990 - DEBUG: _getId : dict_keys(['solution']) ; dict_values(['r1v1'])
2015-05-11 21:56:51,990 - DEBUG: select id from quick_solution WHERE   solution = 'r1v1';
2015-05-11 21:56:51,990 - DEBUG: Executing : select id from quick_solution WHERE   solution = 'r1v1';
2015-05-11 21:56:51,990 - DEBUG: Executing : update quick_solution set solution = 'r1v2' WHERE id = 2;
2015-05-11 21:56:51,993 - DEBUG: select solution from quick_solution WHERE id = 2;
2015-05-11 21:56:51,993 - DEBUG: Executing : select solution from quick_solution WHERE id = 2;
2015-05-11 21:56:51,993 - DEBUG: Executing : delete from quick_solution WHERE id = 2;
2015-05-11 21:56:51,996 - DEBUG: _getId : dict_keys(['solution']) ; dict_values(['r1v2'])
2015-05-11 21:56:51,996 - DEBUG: select id from quick_solution WHERE   solution = 'r1v2';
2015-05-11 21:56:51,996 - DEBUG: Executing : select id from quick_solution WHERE   solution = 'r1v2';
